<?xml version="1.0" encoding="UTF-8"?>
<!-- Generated by org.testng.reporters.JUnitXMLReporter -->
<testsuite ignored="0" hostname="LAPTOP-2NA4FFI8" failures="1" tests="1" name="CucumberTest" time="17.384" errors="0" timestamp="12 Oct 2022 04:02:29 GMT">
  <testcase classname="cucumber.api.testng.AbstractTestNGCucumberTests" name="feature" time="15.52">
    <failure type="cucumber.runtime.CucumberException" message="java.lang.AssertionError: The following asserts failed:
	Values are not matching expected [false] but found [true]">
      <![CDATA[cucumber.runtime.CucumberException: java.lang.AssertionError: The following asserts failed:
	Values are not matching expected [false] but found [true]
	at cucumber.api.testng.TestNGCucumberRunner.runCucumber(TestNGCucumberRunner.java:69)
	at cucumber.api.testng.AbstractTestNGCucumberTests.feature(AbstractTestNGCucumberTests.java:21)
Caused by: java.lang.AssertionError: The following asserts failed:
	Values are not matching expected [false] but found [true]
	at mindq.seleniumtrainingaugframework.stepdefinitions.LoginStepDefinitions.user_should_see_error_message_on_the_screen(LoginStepDefinitions.java:63)
	at âœ½.Then User should see error message on the screen(Login.feature:10)
... Removed 26 stack frames]]>
    </failure>
  </testcase> <!-- feature -->
</testsuite> <!-- CucumberTest -->
